{"/Users/enzo/Desktop/MDS/Back_api/essaie/src/auth/roles.decorator.ts": {"path":"/Users/enzo/Desktop/MDS/Back_api/essaie/src/auth/roles.decorator.ts","statementMap":{"0":{"start":{"line":1,"column":0},"end":{"line":1,"column":45}},"1":{"start":{"line":3,"column":13},"end":{"line":3,"column":33}},"2":{"start":{"line":10,"column":21},"end":{"line":10,"column":74}},"3":{"start":{"line":10,"column":45},"end":{"line":10,"column":74}},"4":{"start":{"line":10,"column":13},"end":{"line":10,"column":21}}},"fnMap":{"0":{"name":"(anonymous_0)","decl":{"start":{"line":10,"column":21},"end":{"line":10,"column":22}},"loc":{"start":{"line":10,"column":45},"end":{"line":10,"column":74}}}},"branchMap":{},"s":{"0":1,"1":1,"2":1,"3":0,"4":1},"f":{"0":0},"b":{}}
,"/Users/enzo/Desktop/MDS/Back_api/essaie/src/auth/roles.guard.ts": {"path":"/Users/enzo/Desktop/MDS/Back_api/essaie/src/auth/roles.guard.ts","statementMap":{"0":{"start":{"line":1,"column":0},"end":{"line":1,"column":null}},"1":{"start":{"line":7,"column":0},"end":{"line":7,"column":41}},"2":{"start":{"line":8,"column":0},"end":{"line":8,"column":46}},"3":{"start":{"line":11,"column":7},"end":{"line":36,"column":null}},"4":{"start":{"line":12,"column":22},"end":{"line":12,"column":33}},"5":{"start":{"line":15,"column":26},"end":{"line":18,"column":6}},"6":{"start":{"line":20,"column":4},"end":{"line":22,"column":5}},"7":{"start":{"line":21,"column":6},"end":{"line":21,"column":18}},"8":{"start":{"line":24,"column":21},"end":{"line":24,"column":56}},"9":{"start":{"line":25,"column":4},"end":{"line":27,"column":5}},"10":{"start":{"line":26,"column":6},"end":{"line":26,"column":51}},"11":{"start":{"line":29,"column":20},"end":{"line":29,"column":68}},"12":{"start":{"line":29,"column":49},"end":{"line":29,"column":67}},"13":{"start":{"line":30,"column":4},"end":{"line":32,"column":5}},"14":{"start":{"line":31,"column":6},"end":{"line":31,"column":78}},"15":{"start":{"line":34,"column":4},"end":{"line":34,"column":16}},"16":{"start":{"line":11,"column":13},"end":{"line":11,"column":23}},"17":{"start":{"line":11,"column":13},"end":{"line":36,"column":null}}},"fnMap":{"0":{"name":"(anonymous_2)","decl":{"start":{"line":12,"column":2},"end":{"line":12,"column":22}},"loc":{"start":{"line":12,"column":42},"end":{"line":12,"column":46}}},"1":{"name":"(anonymous_3)","decl":{"start":{"line":14,"column":2},"end":{"line":14,"column":13}},"loc":{"start":{"line":14,"column":39},"end":{"line":35,"column":3}}},"2":{"name":"(anonymous_4)","decl":{"start":{"line":29,"column":39},"end":{"line":29,"column":40}},"loc":{"start":{"line":29,"column":49},"end":{"line":29,"column":67}}}},"branchMap":{"0":{"loc":{"start":{"line":20,"column":4},"end":{"line":22,"column":5}},"type":"if","locations":[{"start":{"line":20,"column":4},"end":{"line":22,"column":5}},{"start":{},"end":{}}]},"1":{"loc":{"start":{"line":20,"column":8},"end":{"line":20,"column":52}},"type":"binary-expr","locations":[{"start":{"line":20,"column":8},"end":{"line":20,"column":22}},{"start":{"line":20,"column":26},"end":{"line":20,"column":52}}]},"2":{"loc":{"start":{"line":25,"column":4},"end":{"line":27,"column":5}},"type":"if","locations":[{"start":{"line":25,"column":4},"end":{"line":27,"column":5}},{"start":{},"end":{}}]},"3":{"loc":{"start":{"line":30,"column":4},"end":{"line":32,"column":5}},"type":"if","locations":[{"start":{"line":30,"column":4},"end":{"line":32,"column":5}},{"start":{},"end":{}}]}},"s":{"0":1,"1":1,"2":1,"3":1,"4":4,"5":4,"6":4,"7":1,"8":3,"9":3,"10":1,"11":2,"12":2,"13":2,"14":1,"15":1,"16":1,"17":1},"f":{"0":4,"1":4,"2":2},"b":{"0":[1,3],"1":[4,3],"2":[1,2],"3":[1,1]}}
,"/Users/enzo/Desktop/MDS/Back_api/essaie/src/prisma/prisma.service.ts": {"path":"/Users/enzo/Desktop/MDS/Back_api/essaie/src/prisma/prisma.service.ts","statementMap":{"0":{"start":{"line":1,"column":0},"end":{"line":1,"column":75}},"1":{"start":{"line":2,"column":0},"end":{"line":2,"column":46}},"2":{"start":{"line":3,"column":0},"end":{"line":3,"column":46}},"3":{"start":{"line":4,"column":0},"end":{"line":4,"column":26}},"4":{"start":{"line":5,"column":0},"end":{"line":5,"column":33}},"5":{"start":{"line":8,"column":0},"end":{"line":8,"column":16}},"6":{"start":{"line":11,"column":7},"end":{"line":52,"column":null}},"7":{"start":{"line":13,"column":17},"end":{"line":15,"column":6}},"8":{"start":{"line":16,"column":20},"end":{"line":16,"column":38}},"9":{"start":{"line":18,"column":4},"end":{"line":21,"column":7}},"10":{"start":{"line":25,"column":4},"end":{"line":25,"column":26}},"11":{"start":{"line":26,"column":4},"end":{"line":26,"column":50}},"12":{"start":{"line":30,"column":4},"end":{"line":30,"column":29}},"13":{"start":{"line":31,"column":4},"end":{"line":31,"column":53}},"14":{"start":{"line":35,"column":4},"end":{"line":37,"column":5}},"15":{"start":{"line":36,"column":6},"end":{"line":36,"column":61}},"16":{"start":{"line":39,"column":19},"end":{"line":40,"column":null}},"17":{"start":{"line":40,"column":15},"end":{"line":40,"column":54}},"18":{"start":{"line":43,"column":4},"end":{"line":50,"column":6}},"19":{"start":{"line":45,"column":22},"end":{"line":45,"column":50}},"20":{"start":{"line":46,"column":8},"end":{"line":48,"column":9}},"21":{"start":{"line":47,"column":10},"end":{"line":47,"column":45}},"22":{"start":{"line":11,"column":13},"end":{"line":11,"column":26}},"23":{"start":{"line":11,"column":13},"end":{"line":52,"column":null}}},"fnMap":{"0":{"name":"(anonymous_11)","decl":{"start":{"line":12,"column":2},"end":{"line":12,"column":null}},"loc":{"start":{"line":12,"column":2},"end":{"line":22,"column":3}}},"1":{"name":"(anonymous_12)","decl":{"start":{"line":24,"column":2},"end":{"line":24,"column":7}},"loc":{"start":{"line":24,"column":20},"end":{"line":27,"column":3}}},"2":{"name":"(anonymous_13)","decl":{"start":{"line":29,"column":2},"end":{"line":29,"column":7}},"loc":{"start":{"line":29,"column":23},"end":{"line":32,"column":3}}},"3":{"name":"(anonymous_14)","decl":{"start":{"line":34,"column":2},"end":{"line":34,"column":7}},"loc":{"start":{"line":34,"column":21},"end":{"line":51,"column":3}}},"4":{"name":"(anonymous_15)","decl":{"start":{"line":40,"column":6},"end":{"line":40,"column":7}},"loc":{"start":{"line":40,"column":15},"end":{"line":40,"column":54}}},"5":{"name":"(anonymous_16)","decl":{"start":{"line":44,"column":17},"end":{"line":44,"column":18}},"loc":{"start":{"line":44,"column":30},"end":{"line":49,"column":7}}}},"branchMap":{"0":{"loc":{"start":{"line":14,"column":24},"end":{"line":14,"column":115}},"type":"binary-expr","locations":[{"start":{"line":14,"column":24},"end":{"line":14,"column":48}},{"start":{"line":14,"column":52},"end":{"line":14,"column":115}}]},"1":{"loc":{"start":{"line":35,"column":4},"end":{"line":37,"column":5}},"type":"if","locations":[{"start":{"line":35,"column":4},"end":{"line":37,"column":5}},{"start":{},"end":{}}]},"2":{"loc":{"start":{"line":40,"column":15},"end":{"line":40,"column":54}},"type":"binary-expr","locations":[{"start":{"line":40,"column":15},"end":{"line":40,"column":29}},{"start":{"line":40,"column":33},"end":{"line":40,"column":54}}]},"3":{"loc":{"start":{"line":46,"column":8},"end":{"line":48,"column":9}},"type":"if","locations":[{"start":{"line":46,"column":8},"end":{"line":48,"column":9}},{"start":{},"end":{}}]},"4":{"loc":{"start":{"line":46,"column":12},"end":{"line":46,"column":80}},"type":"binary-expr","locations":[{"start":{"line":46,"column":12},"end":{"line":46,"column":37}},{"start":{"line":46,"column":41},"end":{"line":46,"column":55}},{"start":{"line":46,"column":59},"end":{"line":46,"column":80}}]}},"s":{"0":1,"1":1,"2":1,"3":1,"4":1,"5":1,"6":1,"7":0,"8":0,"9":0,"10":0,"11":0,"12":0,"13":0,"14":0,"15":0,"16":0,"17":0,"18":0,"19":0,"20":0,"21":0,"22":1,"23":1},"f":{"0":0,"1":0,"2":0,"3":0,"4":0,"5":0},"b":{"0":[0,0],"1":[0,0],"2":[0,0],"3":[0,0],"4":[0,0,0]}}
,"/Users/enzo/Desktop/MDS/Back_api/essaie/src/restaurants/v2/restaurants-v2.service.ts": {"path":"/Users/enzo/Desktop/MDS/Back_api/essaie/src/restaurants/v2/restaurants-v2.service.ts","statementMap":{"0":{"start":{"line":1,"column":0},"end":{"line":1,"column":82}},"1":{"start":{"line":4,"column":0},"end":{"line":4,"column":60}},"2":{"start":{"line":31,"column":7},"end":{"line":295,"column":null}},"3":{"start":{"line":32,"column":31},"end":{"line":32,"column":39}},"4":{"start":{"line":35,"column":24},"end":{"line":35,"column":179}},"5":{"start":{"line":38,"column":31},"end":{"line":50,"column":6}},"6":{"start":{"line":52,"column":4},"end":{"line":54,"column":5}},"7":{"start":{"line":53,"column":6},"end":{"line":53,"column":92}},"8":{"start":{"line":57,"column":23},"end":{"line":72,"column":6}},"9":{"start":{"line":74,"column":4},"end":{"line":74,"column":22}},"10":{"start":{"line":83,"column":47},"end":{"line":85,"column":6}},"11":{"start":{"line":87,"column":4},"end":{"line":89,"column":5}},"12":{"start":{"line":88,"column":6},"end":{"line":88,"column":38}},"13":{"start":{"line":91,"column":4},"end":{"line":96,"column":5}},"14":{"start":{"line":92,"column":6},"end":{"line":95,"column":8}},"15":{"start":{"line":98,"column":4},"end":{"line":103,"column":5}},"16":{"start":{"line":99,"column":6},"end":{"line":102,"column":8}},"17":{"start":{"line":105,"column":4},"end":{"line":107,"column":5}},"18":{"start":{"line":106,"column":6},"end":{"line":106,"column":36}},"19":{"start":{"line":109,"column":4},"end":{"line":124,"column":5}},"20":{"start":{"line":110,"column":6},"end":{"line":123,"column":8}},"21":{"start":{"line":127,"column":17},"end":{"line":127,"column":35}},"22":{"start":{"line":129,"column":33},"end":{"line":140,"column":6}},"23":{"start":{"line":143,"column":21},"end":{"line":143,"column":45}},"24":{"start":{"line":144,"column":20},"end":{"line":144,"column":35}},"25":{"start":{"line":145,"column":20},"end":{"line":145,"column":28}},"26":{"start":{"line":147,"column":4},"end":{"line":157,"column":6}},"27":{"start":{"line":161,"column":23},"end":{"line":177,"column":6}},"28":{"start":{"line":179,"column":4},"end":{"line":181,"column":5}},"29":{"start":{"line":180,"column":6},"end":{"line":180,"column":75}},"30":{"start":{"line":183,"column":4},"end":{"line":183,"column":22}},"31":{"start":{"line":188,"column":31},"end":{"line":193,"column":6}},"32":{"start":{"line":195,"column":4},"end":{"line":197,"column":5}},"33":{"start":{"line":196,"column":6},"end":{"line":196,"column":75}},"34":{"start":{"line":200,"column":4},"end":{"line":225,"column":5}},"35":{"start":{"line":201,"column":26},"end":{"line":201,"column":77}},"36":{"start":{"line":203,"column":8},"end":{"line":205,"column":38}},"37":{"start":{"line":207,"column":24},"end":{"line":220,"column":8}},"38":{"start":{"line":222,"column":6},"end":{"line":224,"column":7}},"39":{"start":{"line":223,"column":8},"end":{"line":223,"column":94}},"40":{"start":{"line":228,"column":53},"end":{"line":228,"column":55}},"41":{"start":{"line":230,"column":4},"end":{"line":230,"column":77}},"42":{"start":{"line":230,"column":34},"end":{"line":230,"column":77}},"43":{"start":{"line":231,"column":4},"end":{"line":231,"column":94}},"44":{"start":{"line":231,"column":41},"end":{"line":231,"column":94}},"45":{"start":{"line":232,"column":4},"end":{"line":234,"column":5}},"46":{"start":{"line":233,"column":6},"end":{"line":233,"column":183}},"47":{"start":{"line":235,"column":4},"end":{"line":235,"column":98}},"48":{"start":{"line":235,"column":41},"end":{"line":235,"column":98}},"49":{"start":{"line":236,"column":4},"end":{"line":236,"column":98}},"50":{"start":{"line":236,"column":41},"end":{"line":236,"column":98}},"51":{"start":{"line":237,"column":4},"end":{"line":237,"column":97}},"52":{"start":{"line":237,"column":50},"end":{"line":237,"column":97}},"53":{"start":{"line":238,"column":4},"end":{"line":238,"column":115}},"54":{"start":{"line":238,"column":56},"end":{"line":238,"column":115}},"55":{"start":{"line":239,"column":4},"end":{"line":239,"column":115}},"56":{"start":{"line":239,"column":56},"end":{"line":239,"column":115}},"57":{"start":{"line":240,"column":4},"end":{"line":240,"column":97}},"58":{"start":{"line":240,"column":50},"end":{"line":240,"column":97}},"59":{"start":{"line":241,"column":4},"end":{"line":241,"column":112}},"60":{"start":{"line":241,"column":55},"end":{"line":241,"column":112}},"61":{"start":{"line":242,"column":4},"end":{"line":242,"column":103}},"62":{"start":{"line":242,"column":52},"end":{"line":242,"column":103}},"63":{"start":{"line":244,"column":20},"end":{"line":247,"column":6}},"64":{"start":{"line":249,"column":4},"end":{"line":249,"column":19}},"65":{"start":{"line":254,"column":23},"end":{"line":259,"column":6}},"66":{"start":{"line":261,"column":4},"end":{"line":263,"column":5}},"67":{"start":{"line":262,"column":6},"end":{"line":262,"column":75}},"68":{"start":{"line":266,"column":4},"end":{"line":271,"column":7}},"69":{"start":{"line":276,"column":23},"end":{"line":278,"column":6}},"70":{"start":{"line":280,"column":4},"end":{"line":282,"column":5}},"71":{"start":{"line":281,"column":6},"end":{"line":281,"column":75}},"72":{"start":{"line":284,"column":4},"end":{"line":286,"column":5}},"73":{"start":{"line":285,"column":6},"end":{"line":285,"column":71}},"74":{"start":{"line":288,"column":4},"end":{"line":293,"column":7}},"75":{"start":{"line":31,"column":13},"end":{"line":31,"column":33}},"76":{"start":{"line":31,"column":13},"end":{"line":295,"column":null}}},"fnMap":{"0":{"name":"(anonymous_2)","decl":{"start":{"line":32,"column":2},"end":{"line":32,"column":31}},"loc":{"start":{"line":32,"column":52},"end":{"line":32,"column":56}}},"1":{"name":"(anonymous_3)","decl":{"start":{"line":34,"column":2},"end":{"line":34,"column":7}},"loc":{"start":{"line":34,"column":73},"end":{"line":75,"column":3}}},"2":{"name":"(anonymous_4)","decl":{"start":{"line":77,"column":2},"end":{"line":77,"column":7}},"loc":{"start":{"line":80,"column":28},"end":{"line":158,"column":3}}},"3":{"name":"(anonymous_5)","decl":{"start":{"line":160,"column":2},"end":{"line":160,"column":7}},"loc":{"start":{"line":160,"column":26},"end":{"line":184,"column":3}}},"4":{"name":"(anonymous_6)","decl":{"start":{"line":186,"column":2},"end":{"line":186,"column":7}},"loc":{"start":{"line":186,"column":69},"end":{"line":250,"column":3}}},"5":{"name":"(anonymous_7)","decl":{"start":{"line":252,"column":2},"end":{"line":252,"column":7}},"loc":{"start":{"line":252,"column":25},"end":{"line":272,"column":3}}},"6":{"name":"(anonymous_8)","decl":{"start":{"line":274,"column":2},"end":{"line":274,"column":7}},"loc":{"start":{"line":274,"column":26},"end":{"line":294,"column":3}}}},"branchMap":{"0":{"loc":{"start":{"line":52,"column":4},"end":{"line":54,"column":5}},"type":"if","locations":[{"start":{"line":52,"column":4},"end":{"line":54,"column":5}},{"start":{},"end":{}}]},"1":{"loc":{"start":{"line":64,"column":16},"end":{"line":64,"column":47}},"type":"binary-expr","locations":[{"start":{"line":64,"column":16},"end":{"line":64,"column":42}},{"start":{"line":64,"column":46},"end":{"line":64,"column":47}}]},"2":{"loc":{"start":{"line":67,"column":16},"end":{"line":67,"column":50}},"type":"binary-expr","locations":[{"start":{"line":67,"column":16},"end":{"line":67,"column":42}},{"start":{"line":67,"column":46},"end":{"line":67,"column":50}}]},"3":{"loc":{"start":{"line":78,"column":4},"end":{"line":78,"column":20}},"type":"default-arg","locations":[{"start":{"line":78,"column":19},"end":{"line":78,"column":20}}]},"4":{"loc":{"start":{"line":79,"column":4},"end":{"line":79,"column":22}},"type":"default-arg","locations":[{"start":{"line":79,"column":20},"end":{"line":79,"column":22}}]},"5":{"loc":{"start":{"line":87,"column":4},"end":{"line":89,"column":5}},"type":"if","locations":[{"start":{"line":87,"column":4},"end":{"line":89,"column":5}},{"start":{},"end":{}}]},"6":{"loc":{"start":{"line":91,"column":4},"end":{"line":96,"column":5}},"type":"if","locations":[{"start":{"line":91,"column":4},"end":{"line":96,"column":5}},{"start":{},"end":{}}]},"7":{"loc":{"start":{"line":93,"column":13},"end":{"line":93,"column":54}},"type":"binary-expr","locations":[{"start":{"line":93,"column":13},"end":{"line":93,"column":48}},{"start":{"line":93,"column":52},"end":{"line":93,"column":54}}]},"8":{"loc":{"start":{"line":98,"column":4},"end":{"line":103,"column":5}},"type":"if","locations":[{"start":{"line":98,"column":4},"end":{"line":103,"column":5}},{"start":{},"end":{}}]},"9":{"loc":{"start":{"line":100,"column":13},"end":{"line":100,"column":54}},"type":"binary-expr","locations":[{"start":{"line":100,"column":13},"end":{"line":100,"column":48}},{"start":{"line":100,"column":52},"end":{"line":100,"column":54}}]},"10":{"loc":{"start":{"line":105,"column":4},"end":{"line":107,"column":5}},"type":"if","locations":[{"start":{"line":105,"column":4},"end":{"line":107,"column":5}},{"start":{},"end":{}}]},"11":{"loc":{"start":{"line":109,"column":4},"end":{"line":124,"column":5}},"type":"if","locations":[{"start":{"line":109,"column":4},"end":{"line":124,"column":5}},{"start":{},"end":{}}]},"12":{"loc":{"start":{"line":179,"column":4},"end":{"line":181,"column":5}},"type":"if","locations":[{"start":{"line":179,"column":4},"end":{"line":181,"column":5}},{"start":{},"end":{}}]},"13":{"loc":{"start":{"line":195,"column":4},"end":{"line":197,"column":5}},"type":"if","locations":[{"start":{"line":195,"column":4},"end":{"line":197,"column":5}},{"start":{},"end":{}}]},"14":{"loc":{"start":{"line":200,"column":4},"end":{"line":225,"column":5}},"type":"if","locations":[{"start":{"line":200,"column":4},"end":{"line":225,"column":5}},{"start":{},"end":{}}]},"15":{"loc":{"start":{"line":200,"column":8},"end":{"line":200,"column":63}},"type":"binary-expr","locations":[{"start":{"line":200,"column":8},"end":{"line":200,"column":32}},{"start":{"line":200,"column":36},"end":{"line":200,"column":63}}]},"16":{"loc":{"start":{"line":201,"column":26},"end":{"line":201,"column":77}},"type":"binary-expr","locations":[{"start":{"line":201,"column":26},"end":{"line":201,"column":50}},{"start":{"line":201,"column":54},"end":{"line":201,"column":77}}]},"17":{"loc":{"start":{"line":203,"column":8},"end":{"line":205,"column":38}},"type":"cond-expr","locations":[{"start":{"line":204,"column":12},"end":{"line":204,"column":167}},{"start":{"line":205,"column":12},"end":{"line":205,"column":38}}]},"18":{"loc":{"start":{"line":222,"column":6},"end":{"line":224,"column":7}},"type":"if","locations":[{"start":{"line":222,"column":6},"end":{"line":224,"column":7}},{"start":{},"end":{}}]},"19":{"loc":{"start":{"line":230,"column":4},"end":{"line":230,"column":77}},"type":"if","locations":[{"start":{"line":230,"column":4},"end":{"line":230,"column":77}},{"start":{},"end":{}}]},"20":{"loc":{"start":{"line":231,"column":4},"end":{"line":231,"column":94}},"type":"if","locations":[{"start":{"line":231,"column":4},"end":{"line":231,"column":94}},{"start":{},"end":{}}]},"21":{"loc":{"start":{"line":232,"column":4},"end":{"line":234,"column":5}},"type":"if","locations":[{"start":{"line":232,"column":4},"end":{"line":234,"column":5}},{"start":{},"end":{}}]},"22":{"loc":{"start":{"line":235,"column":4},"end":{"line":235,"column":98}},"type":"if","locations":[{"start":{"line":235,"column":4},"end":{"line":235,"column":98}},{"start":{},"end":{}}]},"23":{"loc":{"start":{"line":236,"column":4},"end":{"line":236,"column":98}},"type":"if","locations":[{"start":{"line":236,"column":4},"end":{"line":236,"column":98}},{"start":{},"end":{}}]},"24":{"loc":{"start":{"line":237,"column":4},"end":{"line":237,"column":97}},"type":"if","locations":[{"start":{"line":237,"column":4},"end":{"line":237,"column":97}},{"start":{},"end":{}}]},"25":{"loc":{"start":{"line":238,"column":4},"end":{"line":238,"column":115}},"type":"if","locations":[{"start":{"line":238,"column":4},"end":{"line":238,"column":115}},{"start":{},"end":{}}]},"26":{"loc":{"start":{"line":239,"column":4},"end":{"line":239,"column":115}},"type":"if","locations":[{"start":{"line":239,"column":4},"end":{"line":239,"column":115}},{"start":{},"end":{}}]},"27":{"loc":{"start":{"line":240,"column":4},"end":{"line":240,"column":97}},"type":"if","locations":[{"start":{"line":240,"column":4},"end":{"line":240,"column":97}},{"start":{},"end":{}}]},"28":{"loc":{"start":{"line":241,"column":4},"end":{"line":241,"column":112}},"type":"if","locations":[{"start":{"line":241,"column":4},"end":{"line":241,"column":112}},{"start":{},"end":{}}]},"29":{"loc":{"start":{"line":242,"column":4},"end":{"line":242,"column":103}},"type":"if","locations":[{"start":{"line":242,"column":4},"end":{"line":242,"column":103}},{"start":{},"end":{}}]},"30":{"loc":{"start":{"line":261,"column":4},"end":{"line":263,"column":5}},"type":"if","locations":[{"start":{"line":261,"column":4},"end":{"line":263,"column":5}},{"start":{},"end":{}}]},"31":{"loc":{"start":{"line":280,"column":4},"end":{"line":282,"column":5}},"type":"if","locations":[{"start":{"line":280,"column":4},"end":{"line":282,"column":5}},{"start":{},"end":{}}]},"32":{"loc":{"start":{"line":284,"column":4},"end":{"line":286,"column":5}},"type":"if","locations":[{"start":{"line":284,"column":4},"end":{"line":286,"column":5}},{"start":{},"end":{}}]}},"s":{"0":1,"1":1,"2":1,"3":10,"4":2,"5":2,"6":2,"7":1,"8":1,"9":1,"10":1,"11":1,"12":0,"13":1,"14":0,"15":1,"16":0,"17":1,"18":0,"19":1,"20":0,"21":1,"22":1,"23":1,"24":1,"25":1,"26":1,"27":2,"28":2,"29":1,"30":1,"31":3,"32":3,"33":1,"34":2,"35":2,"36":2,"37":2,"38":2,"39":1,"40":1,"41":1,"42":1,"43":1,"44":0,"45":1,"46":0,"47":1,"48":0,"49":1,"50":0,"51":1,"52":0,"53":1,"54":0,"55":1,"56":0,"57":1,"58":0,"59":1,"60":0,"61":1,"62":0,"63":1,"64":1,"65":2,"66":2,"67":1,"68":1,"69":0,"70":0,"71":0,"72":0,"73":0,"74":0,"75":1,"76":1},"f":{"0":10,"1":2,"2":1,"3":2,"4":3,"5":2,"6":0},"b":{"0":[1,1],"1":[1,1],"2":[1,1],"3":[0],"4":[0],"5":[0,1],"6":[0,1],"7":[0,0],"8":[0,1],"9":[0,0],"10":[0,1],"11":[0,1],"12":[1,1],"13":[1,2],"14":[2,0],"15":[2,0],"16":[2,0],"17":[1,1],"18":[1,1],"19":[1,0],"20":[0,1],"21":[0,1],"22":[0,1],"23":[0,1],"24":[0,1],"25":[0,1],"26":[0,1],"27":[0,1],"28":[0,1],"29":[0,1],"30":[1,1],"31":[0,0],"32":[0,0]}}
}
