TN:
SF:src/auth/roles.decorator.ts
FN:10,(anonymous_0)
FNF:1
FNH:0
FNDA:0,(anonymous_0)
DA:1,1
DA:3,1
DA:10,1
LF:3
LH:3
BRF:0
BRH:0
end_of_record
TN:
SF:src/auth/roles.guard.ts
FN:12,(anonymous_2)
FN:14,(anonymous_3)
FN:29,(anonymous_4)
FNF:3
FNH:3
FNDA:4,(anonymous_2)
FNDA:4,(anonymous_3)
FNDA:2,(anonymous_4)
DA:1,1
DA:7,1
DA:8,1
DA:11,1
DA:12,4
DA:15,4
DA:20,4
DA:21,1
DA:24,3
DA:25,3
DA:26,1
DA:29,2
DA:30,2
DA:31,1
DA:34,1
LF:15
LH:15
BRDA:20,0,0,1
BRDA:20,0,1,3
BRDA:20,1,0,4
BRDA:20,1,1,3
BRDA:25,2,0,1
BRDA:25,2,1,2
BRDA:30,3,0,1
BRDA:30,3,1,1
BRF:8
BRH:8
end_of_record
TN:
SF:src/prisma/prisma.service.ts
FN:12,(anonymous_11)
FN:24,(anonymous_12)
FN:29,(anonymous_13)
FN:34,(anonymous_14)
FN:40,(anonymous_15)
FN:44,(anonymous_16)
FNF:6
FNH:0
FNDA:0,(anonymous_11)
FNDA:0,(anonymous_12)
FNDA:0,(anonymous_13)
FNDA:0,(anonymous_14)
FNDA:0,(anonymous_15)
FNDA:0,(anonymous_16)
DA:1,1
DA:2,1
DA:3,1
DA:4,1
DA:5,1
DA:8,1
DA:11,1
DA:13,0
DA:16,0
DA:18,0
DA:25,0
DA:26,0
DA:30,0
DA:31,0
DA:35,0
DA:36,0
DA:39,0
DA:40,0
DA:43,0
DA:45,0
DA:46,0
DA:47,0
LF:22
LH:7
BRDA:14,0,0,0
BRDA:14,0,1,0
BRDA:35,1,0,0
BRDA:35,1,1,0
BRDA:40,2,0,0
BRDA:40,2,1,0
BRDA:46,3,0,0
BRDA:46,3,1,0
BRDA:46,4,0,0
BRDA:46,4,1,0
BRDA:46,4,2,0
BRF:11
BRH:0
end_of_record
TN:
SF:src/restaurants/v2/restaurants-v2.service.ts
FN:32,(anonymous_2)
FN:34,(anonymous_3)
FN:77,(anonymous_4)
FN:160,(anonymous_5)
FN:186,(anonymous_6)
FN:252,(anonymous_7)
FN:274,(anonymous_8)
FNF:7
FNH:6
FNDA:10,(anonymous_2)
FNDA:2,(anonymous_3)
FNDA:1,(anonymous_4)
FNDA:2,(anonymous_5)
FNDA:3,(anonymous_6)
FNDA:2,(anonymous_7)
FNDA:0,(anonymous_8)
DA:1,1
DA:4,1
DA:31,1
DA:32,10
DA:35,2
DA:38,2
DA:52,2
DA:53,1
DA:57,1
DA:74,1
DA:83,1
DA:87,1
DA:88,0
DA:91,1
DA:92,0
DA:98,1
DA:99,0
DA:105,1
DA:106,0
DA:109,1
DA:110,0
DA:127,1
DA:129,1
DA:143,1
DA:144,1
DA:145,1
DA:147,1
DA:161,2
DA:179,2
DA:180,1
DA:183,1
DA:188,3
DA:195,3
DA:196,1
DA:200,2
DA:201,2
DA:203,2
DA:207,2
DA:222,2
DA:223,1
DA:228,1
DA:230,1
DA:231,1
DA:232,1
DA:233,0
DA:235,1
DA:236,1
DA:237,1
DA:238,1
DA:239,1
DA:240,1
DA:241,1
DA:242,1
DA:244,1
DA:249,1
DA:254,2
DA:261,2
DA:262,1
DA:266,1
DA:276,0
DA:280,0
DA:281,0
DA:284,0
DA:285,0
DA:288,0
LF:65
LH:53
BRDA:52,0,0,1
BRDA:52,0,1,1
BRDA:64,1,0,1
BRDA:64,1,1,1
BRDA:67,2,0,1
BRDA:67,2,1,1
BRDA:78,3,0,0
BRDA:79,4,0,0
BRDA:87,5,0,0
BRDA:87,5,1,1
BRDA:91,6,0,0
BRDA:91,6,1,1
BRDA:93,7,0,0
BRDA:93,7,1,0
BRDA:98,8,0,0
BRDA:98,8,1,1
BRDA:100,9,0,0
BRDA:100,9,1,0
BRDA:105,10,0,0
BRDA:105,10,1,1
BRDA:109,11,0,0
BRDA:109,11,1,1
BRDA:179,12,0,1
BRDA:179,12,1,1
BRDA:195,13,0,1
BRDA:195,13,1,2
BRDA:200,14,0,2
BRDA:200,14,1,0
BRDA:200,15,0,2
BRDA:200,15,1,0
BRDA:201,16,0,2
BRDA:201,16,1,0
BRDA:203,17,0,1
BRDA:203,17,1,1
BRDA:222,18,0,1
BRDA:222,18,1,1
BRDA:230,19,0,1
BRDA:230,19,1,0
BRDA:231,20,0,0
BRDA:231,20,1,1
BRDA:232,21,0,0
BRDA:232,21,1,1
BRDA:235,22,0,0
BRDA:235,22,1,1
BRDA:236,23,0,0
BRDA:236,23,1,1
BRDA:237,24,0,0
BRDA:237,24,1,1
BRDA:238,25,0,0
BRDA:238,25,1,1
BRDA:239,26,0,0
BRDA:239,26,1,1
BRDA:240,27,0,0
BRDA:240,27,1,1
BRDA:241,28,0,0
BRDA:241,28,1,1
BRDA:242,29,0,0
BRDA:242,29,1,1
BRDA:261,30,0,1
BRDA:261,30,1,1
BRDA:280,31,0,0
BRDA:280,31,1,0
BRDA:284,32,0,0
BRDA:284,32,1,0
BRF:64
BRH:35
end_of_record
